#
# There is insufficient memory for the Java Runtime Environment to continue.
# Native memory allocation (malloc) failed to allocate 309936 bytes for Chunk::new
# Possible reasons:
#   The system is out of physical RAM or swap space
#   The process is running with CompressedOops enabled, and the Java Heap may be blocking the growth of the native heap
# Possible solutions:
#   Reduce memory load on the system
#   Increase physical memory or swap space
#   Check if swap backing store is full
#   Decrease Java heap size (-Xmx/-Xms)
#   Decrease number of Java threads
#   Decrease Java thread stack sizes (-Xss)
#   Set larger code cache with -XX:ReservedCodeCacheSize=
#   JVM is running with Unscaled Compressed Oops mode in which the Java heap is
#     placed in the first 4GB address space. The Java Heap base address is the
#     maximum limit for the native heap growth. Please use -XX:HeapBaseMinAddress
#     to set the Java Heap base and to place the Java Heap above 4GB virtual address.
# This output file may be truncated or incomplete.
#
#  Out of Memory Error (t:/workspace/open/src/hotspot/share/memory/arena.cpp:197), pid=5448, tid=12904
#
# JRE version: Java(TM) SE Runtime Environment (12.0.2+10) (build 12.0.2+10)
# Java VM: Java HotSpot(TM) 64-Bit Server VM (12.0.2+10, mixed mode, sharing, tiered, compressed oops, g1 gc, windows-amd64)
# No core dump will be written. Minidumps are not enabled by default on client versions of Windows
#

---------------  S U M M A R Y ------------

Command Line: --module-path=C:/JavaFX/javafx-sdk-11.0.2/lib --add-modules=javafx.controls,javafx.fxml,javafx.base --add-modules=javafx.base,javafx.graphics --add-reads=javafx.base=ALL-UNNAMED --add-reads=javafx.graphics=ALL-UNNAMED -javaagent:C:\Program Files\JetBrains\IntelliJ IDEA Community Edition 2020.1.1\lib\idea_rt.jar=52543:C:\Program Files\JetBrains\IntelliJ IDEA Community Edition 2020.1.1\bin -Dfile.encoding=UTF-8 sample.Main

Host: Intel(R) Core(TM) i5-8265U CPU @ 1.60GHz, 8 cores, 7G,  Windows 10 , 64 bit Build 19041 (10.0.19041.804)
Time: Sat Mar 27 13:33:56 2021 Беларусь (зима) elapsed time: 0 seconds (0d 0h 0m 0s)

---------------  T H R E A D  ---------------

Current thread (0x0000029179df2800):  JavaThread "C2 CompilerThread0" daemon [_thread_in_native, id=12904, stack(0x000000ae3ff00000,0x000000ae40000000)]


Current CompileTask:
C2:    471  820       4       java.util.HashSet::add (20 bytes)

Stack: [0x000000ae3ff00000,0x000000ae40000000]
Native frames: (J=compiled Java code, j=interpreted, Vv=VM code, C=native code)
V  [jvm.dll+0x63aa2a]
V  [jvm.dll+0x78ce1e]
V  [jvm.dll+0x78e4c1]
V  [jvm.dll+0x78eb13]
V  [jvm.dll+0x2627e8]
V  [jvm.dll+0xc55cc]
V  [jvm.dll+0xc5b4c]
V  [jvm.dll+0x2d4034]
V  [jvm.dll+0x5569ad]
V  [jvm.dll+0x2246f7]
V  [jvm.dll+0x21e313]
V  [jvm.dll+0x21b2b6]
V  [jvm.dll+0x199a20]
V  [jvm.dll+0x22a744]
V  [jvm.dll+0x228d98]
V  [jvm.dll+0x7512a0]
V  [jvm.dll+0x74a2c8]
V  [jvm.dll+0x639b16]
C  [ucrtbase.dll+0x21bb2]
C  [KERNEL32.DLL+0x17034]
C  [ntdll.dll+0x52651]


---------------  P R O C E S S  ---------------

Threads class SMR info:
_java_thread_list=0x000002917b4e7b20, length=18, elements={
0x00000291681a5000, 0x0000029179dd5000, 0x0000029179dd8000, 0x0000029179df0800,
0x0000029179df1800, 0x0000029179df2800, 0x0000029179df7800, 0x0000029179dfc800,
0x000002917a858800, 0x000002917a86f000, 0x000002917a947000, 0x000002917b0a6000,
0x000002917b863000, 0x000002917b5ca800, 0x000002917bf41800, 0x000002917b17b800,
0x000002917bbf7800, 0x000002917bb09000
}

Java Threads: ( => current thread )
  0x00000291681a5000 JavaThread "main" [_thread_blocked, id=12588, stack(0x000000ae3f400000,0x000000ae3f500000)]
  0x0000029179dd5000 JavaThread "Reference Handler" daemon [_thread_blocked, id=12820, stack(0x000000ae3fb00000,0x000000ae3fc00000)]
  0x0000029179dd8000 JavaThread "Finalizer" daemon [_thread_blocked, id=13036, stack(0x000000ae3fc00000,0x000000ae3fd00000)]
  0x0000029179df0800 JavaThread "Signal Dispatcher" daemon [_thread_blocked, id=12896, stack(0x000000ae3fd00000,0x000000ae3fe00000)]
  0x0000029179df1800 JavaThread "Attach Listener" daemon [_thread_blocked, id=8308, stack(0x000000ae3fe00000,0x000000ae3ff00000)]
=>0x0000029179df2800 JavaThread "C2 CompilerThread0" daemon [_thread_in_native, id=12904, stack(0x000000ae3ff00000,0x000000ae40000000)]
  0x0000029179df7800 JavaThread "C1 CompilerThread0" daemon [_thread_blocked, id=2152, stack(0x000000ae40000000,0x000000ae40100000)]
  0x0000029179dfc800 JavaThread "Sweeper thread" daemon [_thread_blocked, id=12768, stack(0x000000ae40100000,0x000000ae40200000)]
  0x000002917a858800 JavaThread "Common-Cleaner" daemon [_thread_blocked, id=12164, stack(0x000000ae40200000,0x000000ae40300000)]
  0x000002917a86f000 JavaThread "C2 CompilerThread1" daemon [_thread_blocked, id=12700, stack(0x000000ae40300000,0x000000ae40400000)]
  0x000002917a947000 JavaThread "C2 CompilerThread2" daemon [_thread_in_native, id=13128, stack(0x000000ae40400000,0x000000ae40500000)]
  0x000002917b0a6000 JavaThread "Monitor Ctrl-Break" daemon [_thread_in_native, id=4976, stack(0x000000ae40500000,0x000000ae40600000)]
  0x000002917b863000 JavaThread "Service Thread" daemon [_thread_blocked, id=8732, stack(0x000000ae40600000,0x000000ae40700000)]
  0x000002917b5ca800 JavaThread "QuantumRenderer-0" daemon [_thread_blocked, id=13184, stack(0x000000ae40800000,0x000000ae40900000)]
  0x000002917bf41800 JavaThread "InvokeLaterDispatcher" daemon [_thread_blocked, id=13120, stack(0x000000ae40900000,0x000000ae40a00000)]
  0x000002917b17b800 JavaThread "JavaFX Application Thread" [_thread_in_vm, id=5976, stack(0x000000ae40a00000,0x000000ae40b00000)]
  0x000002917bbf7800 JavaThread "JavaFX-Launcher" [_thread_blocked, id=2984, stack(0x000000ae40f00000,0x000000ae41000000)]
  0x000002917bb09000 JavaThread "Thread-2" daemon [_thread_in_native, id=12312, stack(0x000000ae40e00000,0x000000ae40f00000)]

Other Threads:
  0x0000029179dd4000 VMThread "VM Thread" [stack: 0x000000ae3fa00000,0x000000ae3fb00000] [id=6956]
  0x000002917ab49000 WatcherThread [stack: 0x000000ae40700000,0x000000ae40800000] [id=2076]
  0x00000291681e5800 GCTaskThread "GC Thread#0" [stack: 0x000000ae3f500000,0x000000ae3f600000] [id=5308]
  0x00000291681f4000 ConcurrentGCThread "G1 Main Marker" [stack: 0x000000ae3f600000,0x000000ae3f700000] [id=12072]
  0x00000291681f8000 ConcurrentGCThread "G1 Conc#0" [stack: 0x000000ae3f700000,0x000000ae3f800000] [id=5736]
  0x0000029179c50800 ConcurrentGCThread "G1 Refine#0" [stack: 0x000000ae3f800000,0x000000ae3f900000] [id=6084]
  0x0000029179c51800 ConcurrentGCThread "G1 Young RemSet Sampling" [stack: 0x000000ae3f900000,0x000000ae3fa00000] [id=11412]

Threads with active compile tasks:
C2 CompilerThread0   820       4       java.util.HashSet::add (20 bytes)
C2 CompilerThread2   303       4       java.util.stream.ReferencePipeline$3$1::accept (23 bytes)

VM state:not at safepoint (normal execution)

VM Mutex/Monitor currently owned by a thread: None

Heap address: 0x0000000081c00000, size: 2020 MB, Compressed Oops mode: 32-bit
Narrow klass base: 0x0000000800000000, Narrow klass shift: 3
Compressed class space size: 1073741824 Address: 0x0000000801190000

Heap:
 garbage-first heap   total 131072K, used 17408K [0x0000000081c00000, 0x0000000100000000)
  region size 1024K, 19 young (19456K), 0 survivors (0K)
 Metaspace       used 4536K, capacity 7253K, committed 7552K, reserved 1060864K
  class space    used 552K, capacity 851K, committed 896K, reserved 1048576K
Heap Regions: E=young(eden), S=young(survivor), O=old, HS=humongous(starts), HC=humongous(continues), CS=collection set, F=free, A=archive, TAMS=top-at-mark-start (previous, next)
|   0|0x0000000081c00000, 0x0000000081c00000, 0x0000000081d00000|  0%| F|  |TAMS 0x0000000081c00000, 0x0000000081c00000| Untracked 
|   1|0x0000000081d00000, 0x0000000081d00000, 0x0000000081e00000|  0%| F|  |TAMS 0x0000000081d00000, 0x0000000081d00000| Untracked 
|   2|0x0000000081e00000, 0x0000000081e00000, 0x0000000081f00000|  0%| F|  |TAMS 0x0000000081e00000, 0x0000000081e00000| Untracked 
|   3|0x0000000081f00000, 0x0000000081f00000, 0x0000000082000000|  0%| F|  |TAMS 0x0000000081f00000, 0x0000000081f00000| Untracked 
|   4|0x0000000082000000, 0x0000000082000000, 0x0000000082100000|  0%| F|  |TAMS 0x0000000082000000, 0x0000000082000000| Untracked 
|   5|0x0000000082100000, 0x0000000082100000, 0x0000000082200000|  0%| F|  |TAMS 0x0000000082100000, 0x0000000082100000| Untracked 
|   6|0x0000000082200000, 0x0000000082200000, 0x0000000082300000|  0%| F|  |TAMS 0x0000000082200000, 0x0000000082200000| Untracked 
|   7|0x0000000082300000, 0x0000000082300000, 0x0000000082400000|  0%| F|  |TAMS 0x0000000082300000, 0x0000000082300000| Untracked 
|   8|0x0000000082400000, 0x0000000082400000, 0x0000000082500000|  0%| F|  |TAMS 0x0000000082400000, 0x0000000082400000| Untracked 
|   9|0x0000000082500000, 0x0000000082500000, 0x0000000082600000|  0%| F|  |TAMS 0x0000000082500000, 0x0000000082500000| Untracked 
|  10|0x0000000082600000, 0x0000000082600000, 0x0000000082700000|  0%| F|  |TAMS 0x0000000082600000, 0x0000000082600000| Untracked 
|  11|0x0000000082700000, 0x0000000082700000, 0x0000000082800000|  0%| F|  |TAMS 0x0000000082700000, 0x0000000082700000| Untracked 
|  12|0x0000000082800000, 0x0000000082800000, 0x0000000082900000|  0%| F|  |TAMS 0x0000000082800000, 0x0000000082800000| Untracked 
|  13|0x0000000082900000, 0x0000000082900000, 0x0000000082a00000|  0%| F|  |TAMS 0x0000000082900000, 0x0000000082900000| Untracked 
|  14|0x0000000082a00000, 0x0000000082a00000, 0x0000000082b00000|  0%| F|  |TAMS 0x0000000082a00000, 0x0000000082a00000| Untracked 
|  15|0x0000000082b00000, 0x0000000082b00000, 0x0000000082c00000|  0%| F|  |TAMS 0x0000000082b00000, 0x0000000082b00000| Untracked 
|  16|0x0000000082c00000, 0x0000000082c00000, 0x0000000082d00000|  0%| F|  |TAMS 0x0000000082c00000, 0x0000000082c00000| Untracked 
|  17|0x0000000082d00000, 0x0000000082d00000, 0x0000000082e00000|  0%| F|  |TAMS 0x0000000082d00000, 0x0000000082d00000| Untracked 
|  18|0x0000000082e00000, 0x0000000082e00000, 0x0000000082f00000|  0%| F|  |TAMS 0x0000000082e00000, 0x0000000082e00000| Untracked 
|  19|0x0000000082f00000, 0x0000000082f00000, 0x0000000083000000|  0%| F|  |TAMS 0x0000000082f00000, 0x0000000082f00000| Untracked 
|  20|0x0000000083000000, 0x0000000083000000, 0x0000000083100000|  0%| F|  |TAMS 0x0000000083000000, 0x0000000083000000| Untracked 
|  21|0x0000000083100000, 0x0000000083100000, 0x0000000083200000|  0%| F|  |TAMS 0x0000000083100000, 0x0000000083100000| Untracked 
|  22|0x0000000083200000, 0x0000000083200000, 0x0000000083300000|  0%| F|  |TAMS 0x0000000083200000, 0x0000000083200000| Untracked 
|  23|0x0000000083300000, 0x0000000083300000, 0x0000000083400000|  0%| F|  |TAMS 0x0000000083300000, 0x0000000083300000| Untracked 
|  24|0x0000000083400000, 0x0000000083400000, 0x0000000083500000|  0%| F|  |TAMS 0x0000000083400000, 0x0000000083400000| Untracked 
|  25|0x0000000083500000, 0x0000000083500000, 0x0000000083600000|  0%| F|  |TAMS 0x0000000083500000, 0x0000000083500000| Untracked 
|  26|0x0000000083600000, 0x0000000083600000, 0x0000000083700000|  0%| F|  |TAMS 0x0000000083600000, 0x0000000083600000| Untracked 
|  27|0x0000000083700000, 0x0000000083700000, 0x0000000083800000|  0%| F|  |TAMS 0x0000000083700000, 0x0000000083700000| Untracked 
|  28|0x0000000083800000, 0x0000000083800000, 0x0000000083900000|  0%| F|  |TAMS 0x0000000083800000, 0x0000000083800000| Untracked 
|  29|0x0000000083900000, 0x0000000083900000, 0x0000000083a00000|  0%| F|  |TAMS 0x0000000083900000, 0x0000000083900000| Untracked 
|  30|0x0000000083a00000, 0x0000000083a00000, 0x0000000083b00000|  0%| F|  |TAMS 0x0000000083a00000, 0x0000000083a00000| Untracked 
|  31|0x0000000083b00000, 0x0000000083b00000, 0x0000000083c00000|  0%| F|  |TAMS 0x0000000083b00000, 0x0000000083b00000| Untracked 
|  32|0x0000000083c00000, 0x0000000083c00000, 0x0000000083d00000|  0%| F|  |TAMS 0x0000000083c00000, 0x0000000083c00000| Untracked 
|  33|0x0000000083d00000, 0x0000000083d00000, 0x0000000083e00000|  0%| F|  |TAMS 0x0000000083d00000, 0x0000000083d00000| Untracked 
|  34|0x0000000083e00000, 0x0000000083e00000, 0x0000000083f00000|  0%| F|  |TAMS 0x0000000083e00000, 0x0000000083e00000| Untracked 
|  35|0x0000000083f00000, 0x0000000083f00000, 0x0000000084000000|  0%| F|  |TAMS 0x0000000083f00000, 0x0000000083f00000| Untracked 
|  36|0x0000000084000000, 0x0000000084000000, 0x0000000084100000|  0%| F|  |TAMS 0x0000000084000000, 0x0000000084000000| Untracked 
|  37|0x0000000084100000, 0x0000000084100000, 0x0000000084200000|  0%| F|  |TAMS 0x0000000084100000, 0x0000000084100000| Untracked 
|  38|0x0000000084200000, 0x0000000084200000, 0x0000000084300000|  0%| F|  |TAMS 0x0000000084200000, 0x0000000084200000| Untracked 
|  39|0x0000000084300000, 0x0000000084300000, 0x0000000084400000|  0%| F|  |TAMS 0x0000000084300000, 0x0000000084300000| Untracked 
|  40|0x0000000084400000, 0x0000000084400000, 0x0000000084500000|  0%| F|  |TAMS 0x0000000084400000, 0x0000000084400000| Untracked 
|  41|0x0000000084500000, 0x0000000084500000, 0x0000000084600000|  0%| F|  |TAMS 0x0000000084500000, 0x0000000084500000| Untracked 
|  42|0x0000000084600000, 0x0000000084600000, 0x0000000084700000|  0%| F|  |TAMS 0x0000000084600000, 0x0000000084600000| Untracked 
|  43|0x0000000084700000, 0x0000000084700000, 0x0000000084800000|  0%| F|  |TAMS 0x0000000084700000, 0x0000000084700000| Untracked 
|  44|0x0000000084800000, 0x0000000084800000, 0x0000000084900000|  0%| F|  |TAMS 0x0000000084800000, 0x0000000084800000| Untracked 
|  45|0x0000000084900000, 0x0000000084900000, 0x0000000084a00000|  0%| F|  |TAMS 0x0000000084900000, 0x0000000084900000| Untracked 
|  46|0x0000000084a00000, 0x0000000084a00000, 0x0000000084b00000|  0%| F|  |TAMS 0x0000000084a00000, 0x0000000084a00000| Untracked 
|  47|0x0000000084b00000, 0x0000000084b00000, 0x0000000084c00000|  0%| F|  |TAMS 0x0000000084b00000, 0x0000000084b00000| Untracked 
|  48|0x0000000084c00000, 0x0000000084c00000, 0x0000000084d00000|  0%| F|  |TAMS 0x0000000084c00000, 0x0000000084c00000| Untracked 
|  49|0x0000000084d00000, 0x0000000084d00000, 0x0000000084e00000|  0%| F|  |TAMS 0x0000000084d00000, 0x0000000084d00000| Untracked 
|  50|0x0000000084e00000, 0x0000000084e00000, 0x0000000084f00000|  0%| F|  |TAMS 0x0000000084e00000, 0x0000000084e00000| Untracked 
|  51|0x0000000084f00000, 0x0000000084f00000, 0x0000000085000000|  0%| F|  |TAMS 0x0000000084f00000, 0x0000000084f00000| Untracked 
|  52|0x0000000085000000, 0x0000000085000000, 0x0000000085100000|  0%| F|  |TAMS 0x0000000085000000, 0x0000000085000000| Untracked 
|  53|0x0000000085100000, 0x0000000085100000, 0x0000000085200000|  0%| F|  |TAMS 0x0000000085100000, 0x0000000085100000| Untracked 
|  54|0x0000000085200000, 0x0000000085200000, 0x0000000085300000|  0%| F|  |TAMS 0x0000000085200000, 0x0000000085200000| Untracked 
|  55|0x0000000085300000, 0x0000000085300000, 0x0000000085400000|  0%| F|  |TAMS 0x0000000085300000, 0x0000000085300000| Untracked 
|  56|0x0000000085400000, 0x0000000085400000, 0x0000000085500000|  0%| F|  |TAMS 0x0000000085400000, 0x0000000085400000| Untracked 
|  57|0x0000000085500000, 0x0000000085500000, 0x0000000085600000|  0%| F|  |TAMS 0x0000000085500000, 0x0000000085500000| Untracked 
|  58|0x0000000085600000, 0x0000000085600000, 0x0000000085700000|  0%| F|  |TAMS 0x0000000085600000, 0x0000000085600000| Untracked 
|  59|0x0000000085700000, 0x0000000085700000, 0x0000000085800000|  0%| F|  |TAMS 0x0000000085700000, 0x0000000085700000| Untracked 
|  60|0x0000000085800000, 0x0000000085800000, 0x0000000085900000|  0%| F|  |TAMS 0x0000000085800000, 0x0000000085800000| Untracked 
|  61|0x0000000085900000, 0x0000000085900000, 0x0000000085a00000|  0%| F|  |TAMS 0x0000000085900000, 0x0000000085900000| Untracked 
|  62|0x0000000085a00000, 0x0000000085a00000, 0x0000000085b00000|  0%| F|  |TAMS 0x0000000085a00000, 0x0000000085a00000| Untracked 
|  63|0x0000000085b00000, 0x0000000085b00000, 0x0000000085c00000|  0%| F|  |TAMS 0x0000000085b00000, 0x0000000085b00000| Untracked 
|  64|0x0000000085c00000, 0x0000000085c00000, 0x0000000085d00000|  0%| F|  |TAMS 0x0000000085c00000, 0x0000000085c00000| Untracked 
|  65|0x0000000085d00000, 0x0000000085d00000, 0x0000000085e00000|  0%| F|  |TAMS 0x0000000085d00000, 0x0000000085d00000| Untracked 
|  66|0x0000000085e00000, 0x0000000085e00000, 0x0000000085f00000|  0%| F|  |TAMS 0x0000000085e00000, 0x0000000085e00000| Untracked 
|  67|0x0000000085f00000, 0x0000000085f00000, 0x0000000086000000|  0%| F|  |TAMS 0x0000000085f00000, 0x0000000085f00000| Untracked 
|  68|0x0000000086000000, 0x0000000086000000, 0x0000000086100000|  0%| F|  |TAMS 0x0000000086000000, 0x0000000086000000| Untracked 
|  69|0x0000000086100000, 0x0000000086100000, 0x0000000086200000|  0%| F|  |TAMS 0x0000000086100000, 0x0000000086100000| Untracked 
|  70|0x0000000086200000, 0x0000000086200000, 0x0000000086300000|  0%| F|  |TAMS 0x0000000086200000, 0x0000000086200000| Untracked 
|  71|0x0000000086300000, 0x0000000086300000, 0x0000000086400000|  0%| F|  |TAMS 0x0000000086300000, 0x0000000086300000| Untracked 
|  72|0x0000000086400000, 0x0000000086400000, 0x0000000086500000|  0%| F|  |TAMS 0x0000000086400000, 0x0000000086400000| Untracked 
|  73|0x0000000086500000, 0x0000000086500000, 0x0000000086600000|  0%| F|  |TAMS 0x0000000086500000, 0x0000000086500000| Untracked 
|  74|0x0000000086600000, 0x0000000086600000, 0x0000000086700000|  0%| F|  |TAMS 0x0000000086600000, 0x0000000086600000| Untracked 
|  75|0x0000000086700000, 0x0000000086700000, 0x0000000086800000|  0%| F|  |TAMS 0x0000000086700000, 0x0000000086700000| Untracked 
|  76|0x0000000086800000, 0x0000000086800000, 0x0000000086900000|  0%| F|  |TAMS 0x0000000086800000, 0x0000000086800000| Untracked 
|  77|0x0000000086900000, 0x0000000086900000, 0x0000000086a00000|  0%| F|  |TAMS 0x0000000086900000, 0x0000000086900000| Untracked 
|  78|0x0000000086a00000, 0x0000000086a00000, 0x0000000086b00000|  0%| F|  |TAMS 0x0000000086a00000, 0x0000000086a00000| Untracked 
|  79|0x0000000086b00000, 0x0000000086b00000, 0x0000000086c00000|  0%| F|  |TAMS 0x0000000086b00000, 0x0000000086b00000| Untracked 
|  80|0x0000000086c00000, 0x0000000086c00000, 0x0000000086d00000|  0%| F|  |TAMS 0x0000000086c00000, 0x0000000086c00000| Untracked 
|  81|0x0000000086d00000, 0x0000000086d00000, 0x0000000086e00000|  0%| F|  |TAMS 0x0000000086d00000, 0x0000000086d00000| Untracked 
|  82|0x0000000086e00000, 0x0000000086e00000, 0x0000000086f00000|  0%| F|  |TAMS 0x0000000086e00000, 0x0000000086e00000| Untracked 
|  83|0x0000000086f00000, 0x0000000086f00000, 0x0000000087000000|  0%| F|  |TAMS 0x0000000086f00000, 0x0000000086f00000| Untracked 
|  84|0x0000000087000000, 0x0000000087000000, 0x0000000087100000|  0%| F|  |TAMS 0x0000000087000000, 0x0000000087000000| Untracked 
|  85|0x0000000087100000, 0x0000000087100000, 0x0000000087200000|  0%| F|  |TAMS 0x0000000087100000, 0x0000000087100000| Untracked 
|  86|0x0000000087200000, 0x0000000087200000, 0x0000000087300000|  0%| F|  |TAMS 0x0000000087200000, 0x0000000087200000| Untracked 
|  87|0x0000000087300000, 0x0000000087300000, 0x0000000087400000|  0%| F|  |TAMS 0x0000000087300000, 0x0000000087300000| Untracked 
|  88|0x0000000087400000, 0x0000000087400000, 0x0000000087500000|  0%| F|  |TAMS 0x0000000087400000, 0x0000000087400000| Untracked 
|  89|0x0000000087500000, 0x0000000087500000, 0x0000000087600000|  0%| F|  |TAMS 0x0000000087500000, 0x0000000087500000| Untracked 
|  90|0x0000000087600000, 0x0000000087600000, 0x0000000087700000|  0%| F|  |TAMS 0x0000000087600000, 0x0000000087600000| Untracked 
|  91|0x0000000087700000, 0x0000000087700000, 0x0000000087800000|  0%| F|  |TAMS 0x0000000087700000, 0x0000000087700000| Untracked 
|  92|0x0000000087800000, 0x0000000087800000, 0x0000000087900000|  0%| F|  |TAMS 0x0000000087800000, 0x0000000087800000| Untracked 
|  93|0x0000000087900000, 0x0000000087900000, 0x0000000087a00000|  0%| F|  |TAMS 0x0000000087900000, 0x0000000087900000| Untracked 
|  94|0x0000000087a00000, 0x0000000087a00000, 0x0000000087b00000|  0%| F|  |TAMS 0x0000000087a00000, 0x0000000087a00000| Untracked 
|  95|0x0000000087b00000, 0x0000000087b00000, 0x0000000087c00000|  0%| F|  |TAMS 0x0000000087b00000, 0x0000000087b00000| Untracked 
|  96|0x0000000087c00000, 0x0000000087c00000, 0x0000000087d00000|  0%| F|  |TAMS 0x0000000087c00000, 0x0000000087c00000| Untracked 
|  97|0x0000000087d00000, 0x0000000087d00000, 0x0000000087e00000|  0%| F|  |TAMS 0x0000000087d00000, 0x0000000087d00000| Untracked 
|  98|0x0000000087e00000, 0x0000000087e00000, 0x0000000087f00000|  0%| F|  |TAMS 0x0000000087e00000, 0x0000000087e00000| Untracked 
|  99|0x0000000087f00000, 0x0000000087f00000, 0x0000000088000000|  0%| F|  |TAMS 0x0000000087f00000, 0x0000000087f00000| Untracked 
| 100|0x0000000088000000, 0x0000000088000000, 0x0000000088100000|  0%| F|  |TAMS 0x0000000088000000, 0x0000000088000000| Untracked 
| 101|0x0000000088100000, 0x0000000088100000, 0x0000000088200000|  0%| F|  |TAMS 0x0000000088100000, 0x0000000088100000| Untracked 
| 102|0x0000000088200000, 0x0000000088200000, 0x0000000088300000|  0%| F|  |TAMS 0x0000000088200000, 0x0000000088200000| Untracked 
| 103|0x0000000088300000, 0x0000000088300000, 0x0000000088400000|  0%| F|  |TAMS 0x0000000088300000, 0x0000000088300000| Untracked 
| 104|0x0000000088400000, 0x0000000088400000, 0x0000000088500000|  0%| F|  |TAMS 0x0000000088400000, 0x0000000088400000| Untracked 
| 105|0x0000000088500000, 0x0000000088500000, 0x0000000088600000|  0%| F|  |TAMS 0x0000000088500000, 0x0000000088500000| Untracked 
| 106|0x0000000088600000, 0x0000000088600000, 0x0000000088700000|  0%| F|  |TAMS 0x0000000088600000, 0x0000000088600000| Untracked 
| 107|0x0000000088700000, 0x0000000088700000, 0x0000000088800000|  0%| F|  |TAMS 0x0000000088700000, 0x0000000088700000| Untracked 
| 108|0x0000000088800000, 0x0000000088800000, 0x0000000088900000|  0%| F|  |TAMS 0x0000000088800000, 0x0000000088800000| Untracked 
| 109|0x0000000088900000, 0x00000000889f7da0, 0x0000000088a00000| 96%| E|  |TAMS 0x0000000088900000, 0x0000000088900000| Complete 
| 110|0x0000000088a00000, 0x0000000088b00000, 0x0000000088b00000|100%| E|CS|TAMS 0x0000000088a00000, 0x0000000088a00000| Complete 
| 111|0x0000000088b00000, 0x0000000088c00000, 0x0000000088c00000|100%| E|CS|TAMS 0x0000000088b00000, 0x0000000088b00000| Complete 
| 112|0x0000000088c00000, 0x0000000088d00000, 0x0000000088d00000|100%| E|CS|TAMS 0x0000000088c00000, 0x0000000088c00000| Complete 
| 113|0x0000000088d00000, 0x0000000088e00000, 0x0000000088e00000|100%| E|CS|TAMS 0x0000000088d00000, 0x0000000088d00000| Complete 
| 114|0x0000000088e00000, 0x0000000088f00000, 0x0000000088f00000|100%| E|CS|TAMS 0x0000000088e00000, 0x0000000088e00000| Complete 
| 115|0x0000000088f00000, 0x0000000089000000, 0x0000000089000000|100%| E|CS|TAMS 0x0000000088f00000, 0x0000000088f00000| Complete 
| 116|0x0000000089000000, 0x0000000089100000, 0x0000000089100000|100%| E|CS|TAMS 0x0000000089000000, 0x0000000089000000| Complete 
| 117|0x0000000089100000, 0x0000000089200000, 0x0000000089200000|100%| E|CS|TAMS 0x0000000089100000, 0x0000000089100000| Complete 
| 118|0x0000000089200000, 0x0000000089300000, 0x0000000089300000|100%| E|CS|TAMS 0x0000000089200000, 0x0000000089200000| Complete 
| 119|0x0000000089300000, 0x0000000089400000, 0x0000000089400000|100%| E|CS|TAMS 0x0000000089300000, 0x0000000089300000| Complete 
| 120|0x0000000089400000, 0x0000000089500000, 0x0000000089500000|100%| E|CS|TAMS 0x0000000089400000, 0x0000000089400000| Complete 
| 121|0x0000000089500000, 0x0000000089600000, 0x0000000089600000|100%| E|CS|TAMS 0x0000000089500000, 0x0000000089500000| Complete 
| 122|0x0000000089600000, 0x0000000089700000, 0x0000000089700000|100%| E|CS|TAMS 0x0000000089600000, 0x0000000089600000| Complete 
| 123|0x0000000089700000, 0x0000000089800000, 0x0000000089800000|100%| E|CS|TAMS 0x0000000089700000, 0x0000000089700000| Complete 
| 124|0x0000000089800000, 0x0000000089900000, 0x0000000089900000|100%| E|CS|TAMS 0x0000000089800000, 0x0000000089800000| Complete 
| 125|0x0000000089900000, 0x0000000089a00000, 0x0000000089a00000|100%| E|  |TAMS 0x0000000089900000, 0x0000000089900000| Complete 
| 126|0x0000000089a00000, 0x0000000089b00000, 0x0000000089b00000|100%| E|CS|TAMS 0x0000000089a00000, 0x0000000089a00000| Complete 
| 127|0x0000000089b00000, 0x0000000089c00000, 0x0000000089c00000|100%| E|CS|TAMS 0x0000000089b00000, 0x0000000089b00000| Complete 

Card table byte_map: [0x0000029172c10000,0x0000029173010000] _byte_map_base: 0x0000029172802000

Marking Bits (Prev, Next): (CMBitMap*) 0x00000291681e6838, (CMBitMap*) 0x00000291681e6878
 Prev Bits: [0x0000029173410000, 0x00000291753a0000)
 Next Bits: [0x00000291753a0000, 0x0000029177330000)

Polling page: 0x0000029168290000

Metaspace:

Usage:
  Non-class:      6.26 MB capacity,     3.90 MB ( 62%) used,     2.33 MB ( 37%) free+waste,    21.63 KB ( <1%) overhead. 
      Class:    853.00 KB capacity,   554.03 KB ( 65%) used,   287.28 KB ( 34%) free+waste,    11.69 KB (  1%) overhead. 
       Both:      7.09 MB capacity,     4.44 MB ( 63%) used,     2.61 MB ( 37%) free+waste,    33.31 KB ( <1%) overhead. 

Virtual space:
  Non-class space:       12.00 MB reserved,       6.50 MB ( 54%) committed 
      Class space:        1.00 GB reserved,     896.00 KB ( <1%) committed 
             Both:        1.01 GB reserved,       7.38 MB ( <1%) committed 

Chunk freelists:
   Non-Class:  7.25 KB
       Class:  1.38 KB
        Both:  8.63 KB

CodeHeap 'non-profiled nmethods': size=120000Kb used=295Kb max_used=295Kb free=119704Kb
 bounds [0x0000029107ad0000, 0x0000029107d40000, 0x000002910f000000]
CodeHeap 'profiled nmethods': size=120000Kb used=1313Kb max_used=1313Kb free=118686Kb
 bounds [0x00000291005a0000, 0x0000029100810000, 0x0000029107ad0000]
CodeHeap 'non-nmethods': size=5760Kb used=1198Kb max_used=1198Kb free=4562Kb
 bounds [0x0000029100000000, 0x0000029100270000, 0x00000291005a0000]
 total_blobs=1497 nmethods=833 adapters=393
 compilation: enabled
              stopped_count=0, restarted_count=0
 full_count=0

Compilation events (10 events):
Event: 0.464 Thread 0x000002917a86f000  826       4       java.lang.AbstractStringBuilder::isLatin1 (19 bytes)
Event: 0.464 Thread 0x000002917a86f000 nmethod 826 0x0000029107b19710 code [0x0000029107b198a0, 0x0000029107b19938]
Event: 0.464 Thread 0x0000029179df7800  827       3       java.lang.invoke.MethodHandles$Lookup::in (168 bytes)
Event: 0.466 Thread 0x0000029179df7800 nmethod 827 0x00000291006def10 code [0x00000291006df2a0, 0x00000291006e0a70]
Event: 0.466 Thread 0x0000029179df7800  830       3       java.util.zip.ZipFile$Source::getEntryPos (206 bytes)
Event: 0.467 Thread 0x0000029179df7800 nmethod 830 0x00000291006e1190 code [0x00000291006e1420, 0x00000291006e2160]
Event: 0.467 Thread 0x0000029179df7800  828       3       java.lang.StringBuilder::append (8 bytes)
Event: 0.467 Thread 0x0000029179df7800 nmethod 828 0x00000291006e2790 code [0x00000291006e2960, 0x00000291006e2b30]
Event: 0.467 Thread 0x0000029179df7800  829       3       java.lang.AbstractStringBuilder::append (55 bytes)
Event: 0.467 Thread 0x0000029179df7800 nmethod 829 0x00000291006e2c10 code [0x00000291006e2e20, 0x00000291006e31e0]

GC Heap History (0 events):
No events

Deoptimization events (3 events):
Event: 0.155 Thread 0x00000291681a5000 Uncommon trap: reason=unstable_if action=reinterpret pc=0x0000029107ae565c method=java.util.ImmutableCollections$SetN.probe(Ljava/lang/Object;)I @ 34 c2
Event: 0.166 Thread 0x00000291681a5000 Uncommon trap: reason=unstable_if action=reinterpret pc=0x0000029107aebfc4 method=java.util.HashMap.putVal(ILjava/lang/Object;Ljava/lang/Object;ZZ)Ljava/lang/Object; @ 81 c2
Event: 0.172 Thread 0x00000291681a5000 Uncommon trap: reason=unstable_if action=reinterpret pc=0x0000029107ae653c method=java.lang.String.substring(II)Ljava/lang/String; @ 22 c2

Classes redefined (0 events):
No events

Internal exceptions (10 events):
Event: 0.087 Thread 0x00000291681a5000 Exception <a 'java/lang/NoSuchMethodError'{0x0000000089bf1fb0}: java.lang.invoke.DirectMethodHandle$Holder.invokeSpecialIFC(Ljava/lang/Object;Ljava/lang/Object;I)I> (0x0000000089bf1fb0) thrown at [t:/workspace/open/src/hotspot/share/interpreter/linkResolv
Event: 0.239 Thread 0x00000291681a5000 Exception <a 'java/lang/NoSuchMethodError'{0x00000000892678e8}: java.lang.invoke.DirectMethodHandle$Holder.invokeStatic(Ljava/lang/Object;Ljava/lang/Object;Ljava/lang/Object;Ljava/lang/Object;Ljava/lang/Object;Ljava/lang/Object;Ljava/lang/Object;J)Ljava/l
Event: 0.242 Thread 0x00000291681a5000 Exception <a 'java/lang/NoSuchMethodError'{0x0000000089280678}: java.lang.invoke.DirectMethodHandle$Holder.invokeStatic(Ljava/lang/Object;Ljava/lang/Object;Ljava/lang/Object;Ljava/lang/Object;Ljava/lang/Object;Ljava/lang/Object;Ljava/lang/Object;JLjava/la
Event: 0.371 Thread 0x00000291681a5000 Exception <a 'java/lang/NoSuchMethodError'{0x00000000890a9bd0}: java.lang.invoke.DirectMethodHandle$Holder.invokeStaticInit(Ljava/lang/Object;Ljava/lang/Object;Ljava/lang/Object;)I> (0x00000000890a9bd0) thrown at [t:/workspace/open/src/hotspot/share/inter
Event: 0.373 Thread 0x00000291681a5000 Exception <a 'java/lang/NoSuchMethodError'{0x00000000890b4c98}: java.lang.invoke.DirectMethodHandle$Holder.invokeSpecial(Ljava/lang/Object;Ljava/lang/Object;)V> (0x00000000890b4c98) thrown at [t:/workspace/open/src/hotspot/share/interpreter/linkResolver.c
Event: 0.390 Thread 0x00000291681a5000 Exception <a 'java/lang/NoSuchMethodError'{0x0000000088e5e1b8}: java.lang.invoke.DirectMethodHandle$Holder.invokeStatic(Ljava/lang/Object;Ljava/lang/Object;ILjava/lang/Object;)Ljava/lang/Object;> (0x0000000088e5e1b8) thrown at [t:/workspace/open/src/hotsp
Event: 0.391 Thread 0x00000291681a5000 Exception <a 'java/lang/NoSuchMethodError'{0x0000000088e64478}: java.lang.invoke.Invokers$Holder.linkToTargetMethod(Ljava/lang/Object;ILjava/lang/Object;Ljava/lang/Object;)Ljava/lang/Object;> (0x0000000088e64478) thrown at [t:/workspace/open/src/hotspot/s
Event: 0.453 Thread 0x000002917b17b800 Exception <a 'java/lang/NoSuchMethodError'{0x0000000088b0cc60}: java.lang.invoke.DirectMethodHandle$Holder.invokeStaticInit(Ljava/lang/Object;)V> (0x0000000088b0cc60) thrown at [t:/workspace/open/src/hotspot/share/interpreter/linkResolver.cpp, line 777]
Event: 0.455 Thread 0x00000291681a5000 Exception <a 'java/lang/NoSuchMethodError'{0x0000000088e73598}: java.lang.invoke.Invokers$Holder.linkToTargetMethod(Ljava/lang/Object;Ljava/lang/Object;Ljava/lang/Object;Ljava/lang/Object;Ljava/lang/Object;Ljava/lang/Object;)Ljava/lang/Object;> (0x0000000
Event: 0.462 Thread 0x000002917bbf7800 Exception <a 'java/lang/NoSuchMethodError'{0x0000000088bfd940}: java.lang.invoke.DirectMethodHandle$Holder.invokeStatic(Ljava/lang/Object;Ljava/lang/Object;Ljava/lang/Object;Ljava/lang/Object;)V> (0x0000000088bfd940) thrown at [t:/workspace/open/src/hotsp

Events (10 events):
Event: 0.463 Executing VM operation: RevokeBias
Event: 0.463 Executing VM operation: RevokeBias done
Event: 0.466 Thread 0x000002917b17b800 DEOPT PACKING pc=0x000002910063da88 sp=0x000000ae40af7fb0
Event: 0.466 Thread 0x000002917b17b800 DEOPT UNPACKING pc=0x00000291000299ce sp=0x000000ae40af7420 mode 0
Event: 0.467 Executing VM operation: RevokeBias
Event: 0.468 Executing VM operation: RevokeBias done
Event: 0.468 Executing VM operation: RevokeBias
Event: 0.468 Executing VM operation: RevokeBias done
Event: 0.468 Executing VM operation: RevokeBias
Event: 0.468 Executing VM operation: RevokeBias done


Dynamic libraries:
0x00007ff7929c0000 - 0x00007ff7929cf000 	C:\Program Files\Java\jdk-12.0.2\bin\java.exe
0x00007ffdc3b30000 - 0x00007ffdc3d25000 	C:\WINDOWS\SYSTEM32\ntdll.dll
0x00007ffdc2f90000 - 0x00007ffdc304d000 	C:\WINDOWS\System32\KERNEL32.DLL
0x00007ffdc1670000 - 0x00007ffdc1939000 	C:\WINDOWS\System32\KERNELBASE.dll
0x00007ffdc1a60000 - 0x00007ffdc1b60000 	C:\WINDOWS\System32\ucrtbase.dll
0x00007ffdbb4f0000 - 0x00007ffdbb508000 	C:\Program Files\Java\jdk-12.0.2\bin\jli.dll
0x00007ffdbba60000 - 0x00007ffdbba76000 	C:\Program Files\Java\jdk-12.0.2\bin\VCRUNTIME140.dll
0x00007ffdc1cc0000 - 0x00007ffdc1d6c000 	C:\WINDOWS\System32\ADVAPI32.dll
0x00007ffdc1d70000 - 0x00007ffdc1e0e000 	C:\WINDOWS\System32\msvcrt.dll
0x00007ffdc2790000 - 0x00007ffdc282c000 	C:\WINDOWS\System32\sechost.dll
0x00007ffdc31b0000 - 0x00007ffdc32db000 	C:\WINDOWS\System32\RPCRT4.dll
0x00007ffdc24b0000 - 0x00007ffdc2650000 	C:\WINDOWS\System32\USER32.dll
0x00007ffdc1640000 - 0x00007ffdc1662000 	C:\WINDOWS\System32\win32u.dll
0x00007ffda6650000 - 0x00007ffda68ea000 	C:\WINDOWS\WinSxS\amd64_microsoft.windows.common-controls_6595b64144ccf1df_6.0.19041.844_none_ca00b6081b84eb1d\COMCTL32.dll
0x00007ffdc3180000 - 0x00007ffdc31aa000 	C:\WINDOWS\System32\GDI32.dll
0x00007ffdc1530000 - 0x00007ffdc163b000 	C:\WINDOWS\System32\gdi32full.dll
0x00007ffdc19c0000 - 0x00007ffdc1a5d000 	C:\WINDOWS\System32\msvcp_win.dll
0x00007ffdbaac0000 - 0x00007ffdbaaca000 	C:\WINDOWS\SYSTEM32\VERSION.dll
0x00007ffdc3a30000 - 0x00007ffdc3a60000 	C:\WINDOWS\System32\IMM32.DLL
0x00007ffd9ccb0000 - 0x00007ffd9cd5a000 	C:\Program Files\Java\jdk-12.0.2\bin\msvcp140.dll
0x00007ffd70980000 - 0x00007ffd714f7000 	C:\Program Files\Java\jdk-12.0.2\bin\server\jvm.dll
0x00007ffdc2650000 - 0x00007ffdc2658000 	C:\WINDOWS\System32\PSAPI.DLL
0x00007ffdbcaf0000 - 0x00007ffdbcaf9000 	C:\WINDOWS\SYSTEM32\WSOCK32.dll
0x00007ffdacb90000 - 0x00007ffdacbb7000 	C:\WINDOWS\SYSTEM32\WINMM.dll
0x00007ffdc2020000 - 0x00007ffdc208b000 	C:\WINDOWS\System32\WS2_32.dll
0x00007ffdbfb50000 - 0x00007ffdbfb62000 	C:\WINDOWS\SYSTEM32\kernel.appcore.dll
0x00007ffdbb010000 - 0x00007ffdbb021000 	C:\Program Files\Java\jdk-12.0.2\bin\verify.dll
0x00007ffdbf050000 - 0x00007ffdbf234000 	C:\WINDOWS\SYSTEM32\DBGHELP.DLL
0x00007ffda4d10000 - 0x00007ffda4d3c000 	C:\WINDOWS\SYSTEM32\dbgcore.DLL
0x00007ffdc1940000 - 0x00007ffdc19c0000 	C:\WINDOWS\System32\bcryptPrimitives.dll
0x00007ffdbafc0000 - 0x00007ffdbafe6000 	C:\Program Files\Java\jdk-12.0.2\bin\java.dll
0x00007ffdbca60000 - 0x00007ffdbca6e000 	C:\Program Files\Java\jdk-12.0.2\bin\instrument.dll
0x00007ffdba410000 - 0x00007ffdba427000 	C:\Program Files\Java\jdk-12.0.2\bin\zip.dll
0x00007ffdbc9f0000 - 0x00007ffdbc9fa000 	C:\Program Files\Java\jdk-12.0.2\bin\jimage.dll
0x00007ffdc32e0000 - 0x00007ffdc3a22000 	C:\WINDOWS\System32\SHELL32.dll
0x00007ffdbf3b0000 - 0x00007ffdbfb40000 	C:\WINDOWS\SYSTEM32\windows.storage.dll
0x00007ffdc2090000 - 0x00007ffdc23e5000 	C:\WINDOWS\System32\combase.dll
0x00007ffdc0ce0000 - 0x00007ffdc0d0c000 	C:\WINDOWS\SYSTEM32\Wldp.dll
0x00007ffdc23f0000 - 0x00007ffdc249e000 	C:\WINDOWS\System32\SHCORE.dll
0x00007ffdc28b0000 - 0x00007ffdc2905000 	C:\WINDOWS\System32\shlwapi.dll
0x00007ffdc11b0000 - 0x00007ffdc11cf000 	C:\WINDOWS\SYSTEM32\profapi.dll
0x00007ffdb9da0000 - 0x00007ffdb9db9000 	C:\Program Files\Java\jdk-12.0.2\bin\net.dll
0x00007ffdb89e0000 - 0x00007ffdb8aec000 	C:\WINDOWS\SYSTEM32\WINHTTP.dll
0x00007ffdada90000 - 0x00007ffdadc7e000 	C:\WINDOWS\SYSTEM32\urlmon.dll
0x00007ffdacf00000 - 0x00007ffdad1b0000 	C:\WINDOWS\SYSTEM32\iertutil.dll
0x00007ffdc0a60000 - 0x00007ffdc0aca000 	C:\WINDOWS\system32\mswsock.dll
0x00007ffdb99c0000 - 0x00007ffdb99d3000 	C:\Program Files\Java\jdk-12.0.2\bin\nio.dll
0x00007ffdac4d0000 - 0x00007ffdac4ea000 	C:\Program Files\JetBrains\IntelliJ IDEA Community Edition 2020.1.1\bin\breakgen64.dll
0x000002917c330000 - 0x000002917c333000 	C:\JavaFX\javafx-sdk-11.0.2\bin\api-ms-win-core-console-l1-1-0.dll
0x000002917c340000 - 0x000002917c343000 	C:\JavaFX\javafx-sdk-11.0.2\bin\api-ms-win-core-datetime-l1-1-0.dll
0x000002917c350000 - 0x000002917c353000 	C:\JavaFX\javafx-sdk-11.0.2\bin\api-ms-win-core-debug-l1-1-0.dll
0x000002917c360000 - 0x000002917c363000 	C:\JavaFX\javafx-sdk-11.0.2\bin\api-ms-win-core-errorhandling-l1-1-0.dll
0x000002917c370000 - 0x000002917c374000 	C:\JavaFX\javafx-sdk-11.0.2\bin\api-ms-win-core-file-l1-1-0.dll
0x000002917c380000 - 0x000002917c383000 	C:\JavaFX\javafx-sdk-11.0.2\bin\api-ms-win-core-file-l1-2-0.dll
0x000002917c390000 - 0x000002917c393000 	C:\JavaFX\javafx-sdk-11.0.2\bin\api-ms-win-core-file-l2-1-0.dll
0x000002917c3a0000 - 0x000002917c3a3000 	C:\JavaFX\javafx-sdk-11.0.2\bin\api-ms-win-core-handle-l1-1-0.dll
0x000002917c3b0000 - 0x000002917c3b3000 	C:\JavaFX\javafx-sdk-11.0.2\bin\api-ms-win-core-heap-l1-1-0.dll
0x000002917c3c0000 - 0x000002917c3c3000 	C:\JavaFX\javafx-sdk-11.0.2\bin\api-ms-win-core-interlocked-l1-1-0.dll
0x000002917c3d0000 - 0x000002917c3d3000 	C:\JavaFX\javafx-sdk-11.0.2\bin\api-ms-win-core-libraryloader-l1-1-0.dll
0x000002917c3e0000 - 0x000002917c3e3000 	C:\JavaFX\javafx-sdk-11.0.2\bin\api-ms-win-core-localization-l1-2-0.dll
0x000002917c3f0000 - 0x000002917c3f3000 	C:\JavaFX\javafx-sdk-11.0.2\bin\api-ms-win-core-memory-l1-1-0.dll
0x000002917c400000 - 0x000002917c403000 	C:\JavaFX\javafx-sdk-11.0.2\bin\api-ms-win-core-namedpipe-l1-1-0.dll
0x000002917c410000 - 0x000002917c413000 	C:\JavaFX\javafx-sdk-11.0.2\bin\api-ms-win-core-processenvironment-l1-1-0.dll
0x000002917c420000 - 0x000002917c423000 	C:\JavaFX\javafx-sdk-11.0.2\bin\api-ms-win-core-processthreads-l1-1-0.dll
0x000002917c540000 - 0x000002917c543000 	C:\JavaFX\javafx-sdk-11.0.2\bin\api-ms-win-core-processthreads-l1-1-1.dll
0x000002917c550000 - 0x000002917c553000 	C:\JavaFX\javafx-sdk-11.0.2\bin\api-ms-win-core-profile-l1-1-0.dll
0x000002917c430000 - 0x000002917c433000 	C:\JavaFX\javafx-sdk-11.0.2\bin\api-ms-win-core-rtlsupport-l1-1-0.dll
0x000002917c440000 - 0x000002917c443000 	C:\JavaFX\javafx-sdk-11.0.2\bin\api-ms-win-core-string-l1-1-0.dll
0x000002917c450000 - 0x000002917c453000 	C:\JavaFX\javafx-sdk-11.0.2\bin\api-ms-win-core-synch-l1-1-0.dll
0x000002917c460000 - 0x000002917c463000 	C:\JavaFX\javafx-sdk-11.0.2\bin\api-ms-win-core-synch-l1-2-0.dll
0x000002917c470000 - 0x000002917c473000 	C:\JavaFX\javafx-sdk-11.0.2\bin\api-ms-win-core-sysinfo-l1-1-0.dll
0x000002917c480000 - 0x000002917c483000 	C:\JavaFX\javafx-sdk-11.0.2\bin\api-ms-win-core-timezone-l1-1-0.dll
0x000002917c490000 - 0x000002917c493000 	C:\JavaFX\javafx-sdk-11.0.2\bin\api-ms-win-core-util-l1-1-0.dll
0x000002917c4a0000 - 0x000002917c4a3000 	C:\JavaFX\javafx-sdk-11.0.2\bin\api-ms-win-crt-conio-l1-1-0.dll
0x000002917c4b0000 - 0x000002917c4b4000 	C:\JavaFX\javafx-sdk-11.0.2\bin\api-ms-win-crt-convert-l1-1-0.dll
0x000002917c4c0000 - 0x000002917c4c3000 	C:\JavaFX\javafx-sdk-11.0.2\bin\api-ms-win-crt-environment-l1-1-0.dll
0x000002917c4d0000 - 0x000002917c4d3000 	C:\JavaFX\javafx-sdk-11.0.2\bin\api-ms-win-crt-filesystem-l1-1-0.dll
0x000002917c4e0000 - 0x000002917c4e3000 	C:\JavaFX\javafx-sdk-11.0.2\bin\api-ms-win-crt-heap-l1-1-0.dll
0x000002917c4f0000 - 0x000002917c4f3000 	C:\JavaFX\javafx-sdk-11.0.2\bin\api-ms-win-crt-locale-l1-1-0.dll
0x000002917c500000 - 0x000002917c505000 	C:\JavaFX\javafx-sdk-11.0.2\bin\api-ms-win-crt-math-l1-1-0.dll
0x000002917c510000 - 0x000002917c515000 	C:\JavaFX\javafx-sdk-11.0.2\bin\api-ms-win-crt-multibyte-l1-1-0.dll
0x000002917c520000 - 0x000002917c530000 	C:\JavaFX\javafx-sdk-11.0.2\bin\api-ms-win-crt-private-l1-1-0.dll
0x000002917c530000 - 0x000002917c533000 	C:\JavaFX\javafx-sdk-11.0.2\bin\api-ms-win-crt-process-l1-1-0.dll
0x000002917c560000 - 0x000002917c564000 	C:\JavaFX\javafx-sdk-11.0.2\bin\api-ms-win-crt-runtime-l1-1-0.dll
0x000002917c570000 - 0x000002917c574000 	C:\JavaFX\javafx-sdk-11.0.2\bin\api-ms-win-crt-stdio-l1-1-0.dll
0x000002917c580000 - 0x000002917c584000 	C:\JavaFX\javafx-sdk-11.0.2\bin\api-ms-win-crt-string-l1-1-0.dll
0x000002917c590000 - 0x000002917c593000 	C:\JavaFX\javafx-sdk-11.0.2\bin\api-ms-win-crt-time-l1-1-0.dll
0x000002917c5a0000 - 0x000002917c5a3000 	C:\JavaFX\javafx-sdk-11.0.2\bin\api-ms-win-crt-utility-l1-1-0.dll
0x00007ffdac220000 - 0x00007ffdac31a000 	C:\JavaFX\javafx-sdk-11.0.2\bin\ucrtbase.dll
0x00007ffdac4b0000 - 0x00007ffdac4c6000 	C:\JavaFX\javafx-sdk-11.0.2\bin\vcruntime140.dll
0x00007ffd90150000 - 0x00007ffd901f6000 	C:\JavaFX\javafx-sdk-11.0.2\bin\msvcp140.dll
0x00007ffd9c510000 - 0x00007ffd9c561000 	C:\JavaFX\javafx-sdk-11.0.2\bin\concrt140.dll
0x00007ffd9c4e0000 - 0x00007ffd9c503000 	C:\JavaFX\javafx-sdk-11.0.2\bin\prism_d3d.dll
0x00007ffdaaf10000 - 0x00007ffdab0df000 	C:\WINDOWS\system32\d3d9.dll
0x00007ffdbeb60000 - 0x00007ffdbeb8f000 	C:\WINDOWS\SYSTEM32\dwmapi.dll
0x00007ffdbe740000 - 0x00007ffdbe7de000 	C:\WINDOWS\system32\uxtheme.dll
0x00007ffd9c960000 - 0x00007ffd9cac0000 	C:\WINDOWS\System32\DriverStore\FileRepository\iigd_dch.inf_amd64_712f263315dab1ce\igdumdim64.dll
0x00007ffd6ab90000 - 0x00007ffd6e49e000 	C:\WINDOWS\System32\DriverStore\FileRepository\iigd_dch.inf_amd64_712f263315dab1ce\igd9dxva64.dll
0x00007ffdc1b90000 - 0x00007ffdc1cba000 	C:\WINDOWS\System32\ole32.dll
0x00007ffdc26c0000 - 0x00007ffdc278d000 	C:\WINDOWS\System32\OLEAUT32.dll
0x00007ffdc2910000 - 0x00007ffdc2d79000 	C:\WINDOWS\System32\SETUPAPI.dll
0x00007ffdc12d0000 - 0x00007ffdc131e000 	C:\WINDOWS\System32\cfgmgr32.dll
0x00007ffdc1b60000 - 0x00007ffdc1b87000 	C:\WINDOWS\System32\bcrypt.dll
0x00007ffdb3260000 - 0x00007ffdb3407000 	C:\WINDOWS\System32\DriverStore\FileRepository\iigd_dch.inf_amd64_712f263315dab1ce\igdgmm64.dll
0x00007ffd910f0000 - 0x00007ffd91135000 	C:\JavaFX\javafx-sdk-11.0.2\bin\glass.dll
0x00007ffdc1e10000 - 0x00007ffdc1eea000 	C:\WINDOWS\System32\COMDLG32.dll
0x00007ffdc3060000 - 0x00007ffdc3175000 	C:\WINDOWS\System32\MSCTF.dll
0x00007ffdb9ef0000 - 0x00007ffdb9f18000 	C:\WINDOWS\System32\DriverStore\FileRepository\iigd_dch.inf_amd64_712f263315dab1ce\igdinfo64.dll
0x00007ffdb0950000 - 0x00007ffdb3257000 	C:\WINDOWS\System32\DriverStore\FileRepository\iigd_dch.inf_amd64_712f263315dab1ce\igc64.dll
0x00007ffdb6620000 - 0x00007ffdb665b000 	C:\WINDOWS\SYSTEM32\dxcore.dll

dbghelp: loaded successfully - version: 4.0.5 - missing functions: none
symbol engine: initialized successfully - sym options: 0x614 - pdb path: .;C:\Program Files\Java\jdk-12.0.2\bin;C:\WINDOWS\SYSTEM32;C:\WINDOWS\WinSxS\amd64_microsoft.windows.common-controls_6595b64144ccf1df_6.0.19041.844_none_ca00b6081b84eb1d;C:\Program Files\Java\jdk-12.0.2\bin\server;C:\Program Files\JetBrains\IntelliJ IDEA Community Edition 2020.1.1\bin;C:\JavaFX\javafx-sdk-11.0.2\bin;C:\WINDOWS\System32\DriverStore\FileRepository\iigd_dch.inf_amd64_712f263315dab1ce

VM Arguments:
jvm_args: --module-path=C:/JavaFX/javafx-sdk-11.0.2/lib --add-modules=javafx.controls,javafx.fxml,javafx.base --add-modules=javafx.base,javafx.graphics --add-reads=javafx.base=ALL-UNNAMED --add-reads=javafx.graphics=ALL-UNNAMED -javaagent:C:\Program Files\JetBrains\IntelliJ IDEA Community Edition 2020.1.1\lib\idea_rt.jar=52543:C:\Program Files\JetBrains\IntelliJ IDEA Community Edition 2020.1.1\bin -Dfile.encoding=UTF-8 
java_command: sample.Main
java_class_path (initial): C:\JavaXD\OOP - 2\out\production\OOP - 2;C:\JavaFX\javafx-sdk-11.0.2\lib\src.zip;C:\JavaFX\javafx-sdk-11.0.2\lib\javafx-swt.jar;C:\JavaFX\javafx-sdk-11.0.2\lib\javafx.web.jar;C:\JavaFX\javafx-sdk-11.0.2\lib\javafx.base.jar;C:\JavaFX\javafx-sdk-11.0.2\lib\javafx.fxml.jar;C:\JavaFX\javafx-sdk-11.0.2\lib\javafx.media.jar;C:\JavaFX\javafx-sdk-11.0.2\lib\javafx.swing.jar;C:\JavaFX\javafx-sdk-11.0.2\lib\javafx.controls.jar;C:\JavaFX\javafx-sdk-11.0.2\lib\javafx.graphics.jar
Launcher Type: SUN_STANDARD

[Global flags]
     intx CICompilerCount                          = 4                                         {product} {ergonomic}
     uint ConcGCThreads                            = 2                                         {product} {ergonomic}
     uint G1ConcRefinementThreads                  = 8                                         {product} {ergonomic}
   size_t G1HeapRegionSize                         = 1048576                                   {product} {ergonomic}
    uintx GCDrainStackTargetSize                   = 64                                        {product} {ergonomic}
   size_t InitialHeapSize                          = 134217728                                 {product} {ergonomic}
   size_t MarkStackSize                            = 4194304                                   {product} {ergonomic}
   size_t MaxHeapSize                              = 2118123520                                {product} {ergonomic}
   size_t MaxNewSize                               = 1270874112                                {product} {ergonomic}
   size_t MinHeapDeltaBytes                        = 1048576                                   {product} {ergonomic}
    uintx NonNMethodCodeHeapSize                   = 5836300                                {pd product} {ergonomic}
    uintx NonProfiledCodeHeapSize                  = 122910970                              {pd product} {ergonomic}
    uintx ProfiledCodeHeapSize                     = 122910970                              {pd product} {ergonomic}
    uintx ReservedCodeCacheSize                    = 251658240                              {pd product} {ergonomic}
     bool SegmentedCodeCache                       = true                                      {product} {ergonomic}
     bool UseCompressedClassPointers               = true                                 {lp64_product} {ergonomic}
     bool UseCompressedOops                        = true                                 {lp64_product} {ergonomic}
     bool UseG1GC                                  = true                                      {product} {ergonomic}
     bool UseLargePagesIndividualAllocation        = false                                  {pd product} {ergonomic}

Logging:
Log output configuration:
 #0: stdout all=warning uptime,level,tags
 #1: stderr all=off uptime,level,tags

Environment Variables:
JAVA_HOME=C:\Program Files\Java\jdk-12.0.2
PATH=C:\Program Files\Java\jdk-12.0.2\bin\;C:\WINDOWS\system32;C:\WINDOWS;C:\WINDOWS\System32\Wbem;C:\WINDOWS\System32\WindowsPowerShell\v1.0\;C:\WINDOWS\System32\OpenSSH\;C:\Program Files (x86)\NVIDIA Corporation\PhysX\Common;C:\Program Files\NVIDIA Corporation\NVIDIA NvDLISR;C:\Program Files\Microsoft SQL Server\130\Tools\Binn\;D:\Calibre\;C:\Program Files\Git\cmd;C:\Ruby27-x64\bin;C:\Users\User\AppData\Local\Microsoft\WindowsApps;C:\Program Files\JetBrains\IntelliJ IDEA Community Edition 2020.1.1\bin;D:\Microsoft VS Code\bin;C:\Users\User\AppData\Local\GitHubDesktop\bin
USERNAME=User
OS=Windows_NT
PROCESSOR_IDENTIFIER=Intel64 Family 6 Model 142 Stepping 12, GenuineIntel



---------------  S Y S T E M  ---------------

OS: Windows 10 , 64 bit Build 19041 (10.0.19041.804)

CPU:total 8 (initial active 8) (4 cores per cpu, 2 threads per core) family 6 model 142 stepping 12, cmov, cx8, fxsr, mmx, sse, sse2, sse3, ssse3, sse4.1, sse4.2, popcnt, avx, avx2, aes, clmul, erms, 3dnowpref, lzcnt, ht, tsc, tscinvbit, bmi1, bmi2, adx, fma

Memory: 4k page, system-wide physical 8078M (1480M free)
TotalPageFile size 8878M (AvailPageFile size 226M)
current process WorkingSet (physical memory assigned to process): 102M, peak: 102M
current process commit charge ("private bytes"): 258M, peak: 260M

vm_info: Java HotSpot(TM) 64-Bit Server VM (12.0.2+10) for windows-amd64 JRE (12.0.2+10), built on Jul 16 2019 01:56:17 by "mach5one" with MS VC++ 15.5 (VS2017)

END.
